[21-Jan-2011 00:07:04] PHP Warning:  mysql_fetch_assoc(): supplied argument is not a valid MySQL result resource in /home/content/z/a/l/zalongwatz/html/iaa/accommodation/roomRegister.php on line 39
[21-Jan-2011 00:07:04] PHP Warning:  mysql_num_rows(): supplied argument is not a valid MySQL result resource in /home/content/z/a/l/zalongwatz/html/iaa/accommodation/roomRegister.php on line 40
[21-Jan-2011 10:07:16] PHP Warning:  mysql_fetch_assoc(): supplied argument is not a valid MySQL result resource in /home/content/z/a/l/zalongwatz/html/iaa/accommodation/blockRegister.php on line 95
[21-Jan-2011 10:07:16] PHP Warning:  mysql_num_rows(): supplied argument is not a valid MySQL result resource in /home/content/z/a/l/zalongwatz/html/iaa/accommodation/blockRegister.php on line 101
[21-Jan-2011 10:07:16] PHP Warning:  mysql_fetch_assoc(): supplied argument is not a valid MySQL result resource in /home/content/z/a/l/zalongwatz/html/iaa/accommodation/blockRegister.php on line 135
[21-Jan-2011 10:07:26] PHP Warning:  mysql_fetch_assoc(): supplied argument is not a valid MySQL result resource in /home/content/z/a/l/zalongwatz/html/iaa/accommodation/blockRegister.php on line 95
[21-Jan-2011 10:07:26] PHP Warning:  mysql_num_rows(): supplied argument is not a valid MySQL result resource in /home/content/z/a/l/zalongwatz/html/iaa/accommodation/blockRegister.php on line 101
[21-Jan-2011 10:07:26] PHP Warning:  mysql_fetch_assoc(): supplied argument is not a valid MySQL result resource in /home/content/z/a/l/zalongwatz/html/iaa/accommodation/blockRegister.php on line 135
[21-Jan-2011 00:07:36] PHP Warning:  mysql_fetch_assoc(): supplied argument is not a valid MySQL result resource in /home/content/z/a/l/zalongwatz/html/iaa/accommodation/roomRegister.php on line 39
[21-Jan-2011 00:07:36] PHP Warning:  mysql_num_rows(): supplied argument is not a valid MySQL result resource in /home/content/z/a/l/zalongwatz/html/iaa/accommodation/roomRegister.php on line 40
[21-Jan-2011 10:07:42] PHP Warning:  mysql_fetch_assoc(): supplied argument is not a valid MySQL result resource in /home/content/z/a/l/zalongwatz/html/iaa/accommodation/blockRegister.php on line 95
[21-Jan-2011 10:07:42] PHP Warning:  mysql_num_rows(): supplied argument is not a valid MySQL result resource in /home/content/z/a/l/zalongwatz/html/iaa/accommodation/blockRegister.php on line 101
[21-Jan-2011 10:07:42] PHP Warning:  mysql_fetch_assoc(): supplied argument is not a valid MySQL result resource in /home/content/z/a/l/zalongwatz/html/iaa/accommodation/blockRegister.php on line 135
[21-Jan-2011 10:07:52] PHP Warning:  mysql_fetch_assoc(): supplied argument is not a valid MySQL result resource in /home/content/z/a/l/zalongwatz/html/iaa/accommodation/blockRegister.php on line 95
[21-Jan-2011 10:07:52] PHP Warning:  mysql_num_rows(): supplied argument is not a valid MySQL result resource in /home/content/z/a/l/zalongwatz/html/iaa/accommodation/blockRegister.php on line 101
[21-Jan-2011 10:07:52] PHP Warning:  mysql_fetch_assoc(): supplied argument is not a valid MySQL result resource in /home/content/z/a/l/zalongwatz/html/iaa/accommodation/blockRegister.php on line 135
[21-Jan-2011 00:07:55] PHP Warning:  mysql_fetch_assoc(): supplied argument is not a valid MySQL result resource in /home/content/z/a/l/zalongwatz/html/iaa/accommodation/roomRegister.php on line 39
[21-Jan-2011 00:07:55] PHP Warning:  mysql_num_rows(): supplied argument is not a valid MySQL result resource in /home/content/z/a/l/zalongwatz/html/iaa/accommodation/roomRegister.php on line 40
[21-Jan-2011 10:08:00] PHP Warning:  mysql_fetch_assoc(): supplied argument is not a valid MySQL result resource in /home/content/z/a/l/zalongwatz/html/iaa/accommodation/blockRegister.php on line 95
[21-Jan-2011 10:08:00] PHP Warning:  mysql_num_rows(): supplied argument is not a valid MySQL result resource in /home/content/z/a/l/zalongwatz/html/iaa/accommodation/blockRegister.php on line 101
[21-Jan-2011 10:08:00] PHP Warning:  mysql_fetch_assoc(): supplied argument is not a valid MySQL result resource in /home/content/z/a/l/zalongwatz/html/iaa/accommodation/blockRegister.php on line 135
[21-Jan-2011 10:08:03] PHP Warning:  mysql_fetch_assoc(): supplied argument is not a valid MySQL result resource in /home/content/z/a/l/zalongwatz/html/iaa/accommodation/blockRegister.php on line 95
[21-Jan-2011 10:08:03] PHP Warning:  mysql_num_rows(): supplied argument is not a valid MySQL result resource in /home/content/z/a/l/zalongwatz/html/iaa/accommodation/blockRegister.php on line 101
[21-Jan-2011 10:10:37] PHP Warning:  mysql_fetch_assoc(): supplied argument is not a valid MySQL result resource in /home/content/z/a/l/zalongwatz/html/iaa/accommodation/blockRegister.php on line 95
[21-Jan-2011 10:10:37] PHP Warning:  mysql_num_rows(): supplied argument is not a valid MySQL result resource in /home/content/z/a/l/zalongwatz/html/iaa/accommodation/blockRegister.php on line 101
[21-Jan-2011 10:10:37] PHP Warning:  mysql_fetch_assoc(): supplied argument is not a valid MySQL result resource in /home/content/z/a/l/zalongwatz/html/iaa/accommodation/blockRegister.php on line 135
[21-Jan-2011 10:10:42] PHP Warning:  mysql_fetch_assoc(): supplied argument is not a valid MySQL result resource in /home/content/z/a/l/zalongwatz/html/iaa/accommodation/blockRegister.php on line 95
[21-Jan-2011 10:10:42] PHP Warning:  mysql_num_rows(): supplied argument is not a valid MySQL result resource in /home/content/z/a/l/zalongwatz/html/iaa/accommodation/blockRegister.php on line 101
[21-Jan-2011 10:10:42] PHP Warning:  mysql_fetch_assoc(): supplied argument is not a valid MySQL result resource in /home/content/z/a/l/zalongwatz/html/iaa/accommodation/blockRegister.php on line 135
[21-Jan-2011 10:10:53] PHP Warning:  mysql_fetch_assoc(): supplied argument is not a valid MySQL result resource in /home/content/z/a/l/zalongwatz/html/iaa/accommodation/blockRegister.php on line 95
[21-Jan-2011 10:10:53] PHP Warning:  mysql_num_rows(): supplied argument is not a valid MySQL result resource in /home/content/z/a/l/zalongwatz/html/iaa/accommodation/blockRegister.php on line 101
[21-Jan-2011 10:10:53] PHP Warning:  mysql_fetch_assoc(): supplied argument is not a valid MySQL result resource in /home/content/z/a/l/zalongwatz/html/iaa/accommodation/blockRegister.php on line 135
[21-Jan-2011 00:12:29] PHP Warning:  mysql_fetch_assoc(): supplied argument is not a valid MySQL result resource in /home/content/z/a/l/zalongwatz/html/iaa/accommodation/roomRegister.php on line 39
[21-Jan-2011 00:12:29] PHP Warning:  mysql_num_rows(): supplied argument is not a valid MySQL result resource in /home/content/z/a/l/zalongwatz/html/iaa/accommodation/roomRegister.php on line 40
[21-Jan-2011 10:12:33] PHP Warning:  mysql_fetch_assoc(): supplied argument is not a valid MySQL result resource in /home/content/z/a/l/zalongwatz/html/iaa/accommodation/blockRegister.php on line 95
[21-Jan-2011 10:12:33] PHP Warning:  mysql_num_rows(): supplied argument is not a valid MySQL result resource in /home/content/z/a/l/zalongwatz/html/iaa/accommodation/blockRegister.php on line 101
[21-Jan-2011 10:12:33] PHP Warning:  mysql_fetch_assoc(): supplied argument is not a valid MySQL result resource in /home/content/z/a/l/zalongwatz/html/iaa/accommodation/blockRegister.php on line 135
[21-Jan-2011 10:13:50] PHP Warning:  mysql_fetch_assoc(): supplied argument is not a valid MySQL result resource in /home/content/z/a/l/zalongwatz/html/iaa/accommodation/blockRegister.php on line 95
[21-Jan-2011 10:13:50] PHP Warning:  mysql_num_rows(): supplied argument is not a valid MySQL result resource in /home/content/z/a/l/zalongwatz/html/iaa/accommodation/blockRegister.php on line 101
[21-Jan-2011 10:13:50] PHP Warning:  mysql_fetch_assoc(): supplied argument is not a valid MySQL result resource in /home/content/z/a/l/zalongwatz/html/iaa/accommodation/blockRegister.php on line 135
[21-Jan-2011 10:13:53] PHP Warning:  mysql_fetch_assoc(): supplied argument is not a valid MySQL result resource in /home/content/z/a/l/zalongwatz/html/iaa/accommodation/blockRegister.php on line 95
[21-Jan-2011 10:13:53] PHP Warning:  mysql_num_rows(): supplied argument is not a valid MySQL result resource in /home/content/z/a/l/zalongwatz/html/iaa/accommodation/blockRegister.php on line 101
[21-Jan-2011 10:14:39] PHP Warning:  mysql_fetch_assoc(): supplied argument is not a valid MySQL result resource in /home/content/z/a/l/zalongwatz/html/iaa/accommodation/blockRegister.php on line 95
[21-Jan-2011 10:14:39] PHP Warning:  mysql_num_rows(): supplied argument is not a valid MySQL result resource in /home/content/z/a/l/zalongwatz/html/iaa/accommodation/blockRegister.php on line 101
[21-Jan-2011 10:14:42] PHP Warning:  mysql_fetch_assoc(): supplied argument is not a valid MySQL result resource in /home/content/z/a/l/zalongwatz/html/iaa/accommodation/blockRegister.php on line 95
[21-Jan-2011 10:14:42] PHP Warning:  mysql_num_rows(): supplied argument is not a valid MySQL result resource in /home/content/z/a/l/zalongwatz/html/iaa/accommodation/blockRegister.php on line 101
[21-Jan-2011 10:14:42] PHP Warning:  mysql_fetch_assoc(): supplied argument is not a valid MySQL result resource in /home/content/z/a/l/zalongwatz/html/iaa/accommodation/blockRegister.php on line 135
[21-Jan-2011 00:14:52] PHP Warning:  mysql_fetch_assoc(): supplied argument is not a valid MySQL result resource in /home/content/z/a/l/zalongwatz/html/iaa/accommodation/roomRegister.php on line 39
[21-Jan-2011 00:14:52] PHP Warning:  mysql_num_rows(): supplied argument is not a valid MySQL result resource in /home/content/z/a/l/zalongwatz/html/iaa/accommodation/roomRegister.php on line 40
[21-Jan-2011 00:14:55] PHP Warning:  mysql_fetch_assoc(): supplied argument is not a valid MySQL result resource in /home/content/z/a/l/zalongwatz/html/iaa/accommodation/roomRegister.php on line 39
[21-Jan-2011 00:14:55] PHP Warning:  mysql_num_rows(): supplied argument is not a valid MySQL result resource in /home/content/z/a/l/zalongwatz/html/iaa/accommodation/roomRegister.php on line 40
[21-Jan-2011 10:14:55] PHP Warning:  mysql_fetch_assoc(): supplied argument is not a valid MySQL result resource in /home/content/z/a/l/zalongwatz/html/iaa/accommodation/roomRegister.php on line 198
[21-Jan-2011 10:14:55] PHP Warning:  mysql_num_rows(): supplied argument is not a valid MySQL result resource in /home/content/z/a/l/zalongwatz/html/iaa/accommodation/roomRegister.php on line 199
[21-Jan-2011 00:17:47] PHP Warning:  mysql_fetch_assoc(): supplied argument is not a valid MySQL result resource in /home/content/z/a/l/zalongwatz/html/iaa/accommodation/roomRegister.php on line 39
[21-Jan-2011 00:17:47] PHP Warning:  mysql_num_rows(): supplied argument is not a valid MySQL result resource in /home/content/z/a/l/zalongwatz/html/iaa/accommodation/roomRegister.php on line 40
[21-Jan-2011 00:19:32] PHP Warning:  mysql_fetch_assoc(): supplied argument is not a valid MySQL result resource in /home/content/z/a/l/zalongwatz/html/iaa/accommodation/roomRegister.php on line 39
[21-Jan-2011 00:19:32] PHP Warning:  mysql_num_rows(): supplied argument is not a valid MySQL result resource in /home/content/z/a/l/zalongwatz/html/iaa/accommodation/roomRegister.php on line 40
[21-Jan-2011 10:19:32] PHP Warning:  mysql_fetch_assoc(): supplied argument is not a valid MySQL result resource in /home/content/z/a/l/zalongwatz/html/iaa/accommodation/roomRegister.php on line 198
[21-Jan-2011 10:19:32] PHP Warning:  mysql_num_rows(): supplied argument is not a valid MySQL result resource in /home/content/z/a/l/zalongwatz/html/iaa/accommodation/roomRegister.php on line 199
[21-Jan-2011 00:21:04] PHP Warning:  mysql_fetch_assoc(): supplied argument is not a valid MySQL result resource in /home/content/z/a/l/zalongwatz/html/iaa/accommodation/roomRegister.php on line 39
[21-Jan-2011 00:21:04] PHP Warning:  mysql_num_rows(): supplied argument is not a valid MySQL result resource in /home/content/z/a/l/zalongwatz/html/iaa/accommodation/roomRegister.php on line 40
[21-Jan-2011 00:21:07] PHP Warning:  mysql_fetch_assoc(): supplied argument is not a valid MySQL result resource in /home/content/z/a/l/zalongwatz/html/iaa/accommodation/roomRegister.php on line 39
[21-Jan-2011 00:21:07] PHP Warning:  mysql_num_rows(): supplied argument is not a valid MySQL result resource in /home/content/z/a/l/zalongwatz/html/iaa/accommodation/roomRegister.php on line 40
[21-Jan-2011 10:21:07] PHP Warning:  mysql_fetch_assoc(): supplied argument is not a valid MySQL result resource in /home/content/z/a/l/zalongwatz/html/iaa/accommodation/roomRegister.php on line 197
[21-Jan-2011 10:21:07] PHP Warning:  mysql_num_rows(): supplied argument is not a valid MySQL result resource in /home/content/z/a/l/zalongwatz/html/iaa/accommodation/roomRegister.php on line 198
[21-Jan-2011 10:29:00] PHP Warning:  mysql_fetch_assoc(): supplied argument is not a valid MySQL result resource in /home/content/z/a/l/zalongwatz/html/iaa/accommodation/blockRegister.php on line 95
[21-Jan-2011 10:29:00] PHP Warning:  mysql_num_rows(): supplied argument is not a valid MySQL result resource in /home/content/z/a/l/zalongwatz/html/iaa/accommodation/blockRegister.php on line 101
[21-Jan-2011 10:29:00] PHP Warning:  mysql_fetch_assoc(): supplied argument is not a valid MySQL result resource in /home/content/z/a/l/zalongwatz/html/iaa/accommodation/blockRegister.php on line 135
[21-Jan-2011 00:32:50] PHP Warning:  session_start() [<a href='function.session-start'>function.session-start</a>]: Cannot send session cache limiter - headers already sent (output started at /home/content/z/a/l/zalongwatz/html/iaa/accommodation/roomRegister.php:55) in /home/content/z/a/l/zalongwatz/html/iaa/Connections/sessioncontrol.php on line 2
[21-Jan-2011 00:43:20] PHP Warning:  session_start() [<a href='function.session-start'>function.session-start</a>]: Cannot send session cache limiter - headers already sent (output started at /home/content/z/a/l/zalongwatz/html/iaa/accommodation/roomRegister.php:55) in /home/content/z/a/l/zalongwatz/html/iaa/Connections/sessioncontrol.php on line 2
[21-Jan-2011 00:44:36] PHP Warning:  session_start() [<a href='function.session-start'>function.session-start</a>]: Cannot send session cache limiter - headers already sent (output started at /home/content/z/a/l/zalongwatz/html/iaa/accommodation/roomRegister.php:55) in /home/content/z/a/l/zalongwatz/html/iaa/Connections/sessioncontrol.php on line 2
[21-Jan-2011 00:45:15] PHP Warning:  session_start() [<a href='function.session-start'>function.session-start</a>]: Cannot send session cache limiter - headers already sent (output started at /home/content/z/a/l/zalongwatz/html/iaa/accommodation/roomRegister.php:55) in /home/content/z/a/l/zalongwatz/html/iaa/Connections/sessioncontrol.php on line 2
[21-Jan-2011 00:54:05] PHP Warning:  session_start() [<a href='function.session-start'>function.session-start</a>]: Cannot send session cache limiter - headers already sent (output started at /home/content/z/a/l/zalongwatz/html/iaa/accommodation/roomRegister.php:55) in /home/content/z/a/l/zalongwatz/html/iaa/Connections/sessioncontrol.php on line 2
[21-Jan-2011 00:54:21] PHP Warning:  session_start() [<a href='function.session-start'>function.session-start</a>]: Cannot send session cache limiter - headers already sent (output started at /home/content/z/a/l/zalongwatz/html/iaa/accommodation/roomRegister.php:55) in /home/content/z/a/l/zalongwatz/html/iaa/Connections/sessioncontrol.php on line 2
[21-Jan-2011 00:54:55] PHP Warning:  session_start() [<a href='function.session-start'>function.session-start</a>]: Cannot send session cache limiter - headers already sent (output started at /home/content/z/a/l/zalongwatz/html/iaa/accommodation/roomRegister.php:55) in /home/content/z/a/l/zalongwatz/html/iaa/Connections/sessioncontrol.php on line 2
[21-Jan-2011 00:55:41] PHP Warning:  session_start() [<a href='function.session-start'>function.session-start</a>]: Cannot send session cache limiter - headers already sent (output started at /home/content/z/a/l/zalongwatz/html/iaa/accommodation/roomRegister.php:55) in /home/content/z/a/l/zalongwatz/html/iaa/Connections/sessioncontrol.php on line 2
[21-Jan-2011 00:56:07] PHP Warning:  session_start() [<a href='function.session-start'>function.session-start</a>]: Cannot send session cache limiter - headers already sent (output started at /home/content/z/a/l/zalongwatz/html/iaa/accommodation/roomRegister.php:55) in /home/content/z/a/l/zalongwatz/html/iaa/Connections/sessioncontrol.php on line 2
[21-Jan-2011 00:56:27] PHP Warning:  session_start() [<a href='function.session-start'>function.session-start</a>]: Cannot send session cache limiter - headers already sent (output started at /home/content/z/a/l/zalongwatz/html/iaa/accommodation/roomRegister.php:55) in /home/content/z/a/l/zalongwatz/html/iaa/Connections/sessioncontrol.php on line 2
[21-Jan-2011 00:57:12] PHP Warning:  session_start() [<a href='function.session-start'>function.session-start</a>]: Cannot send session cache limiter - headers already sent (output started at /home/content/z/a/l/zalongwatz/html/iaa/accommodation/roomRegister.php:55) in /home/content/z/a/l/zalongwatz/html/iaa/Connections/sessioncontrol.php on line 2
[21-Jan-2011 00:57:40] PHP Warning:  session_start() [<a href='function.session-start'>function.session-start</a>]: Cannot send session cache limiter - headers already sent (output started at /home/content/z/a/l/zalongwatz/html/iaa/accommodation/roomRegister.php:55) in /home/content/z/a/l/zalongwatz/html/iaa/Connections/sessioncontrol.php on line 2
[21-Jan-2011 00:58:06] PHP Warning:  session_start() [<a href='function.session-start'>function.session-start</a>]: Cannot send session cache limiter - headers already sent (output started at /home/content/z/a/l/zalongwatz/html/iaa/accommodation/roomRegister.php:55) in /home/content/z/a/l/zalongwatz/html/iaa/Connections/sessioncontrol.php on line 2
[21-Jan-2011 00:58:30] PHP Warning:  session_start() [<a href='function.session-start'>function.session-start</a>]: Cannot send session cache limiter - headers already sent (output started at /home/content/z/a/l/zalongwatz/html/iaa/accommodation/roomRegister.php:55) in /home/content/z/a/l/zalongwatz/html/iaa/Connections/sessioncontrol.php on line 2
[21-Jan-2011 01:01:50] PHP Warning:  session_start() [<a href='function.session-start'>function.session-start</a>]: Cannot send session cache limiter - headers already sent (output started at /home/content/z/a/l/zalongwatz/html/iaa/accommodation/roomRegister.php:55) in /home/content/z/a/l/zalongwatz/html/iaa/Connections/sessioncontrol.php on line 2
[21-Jan-2011 01:02:20] PHP Warning:  session_start() [<a href='function.session-start'>function.session-start</a>]: Cannot send session cache limiter - headers already sent (output started at /home/content/z/a/l/zalongwatz/html/iaa/accommodation/roomRegister.php:55) in /home/content/z/a/l/zalongwatz/html/iaa/Connections/sessioncontrol.php on line 2
[21-Jan-2011 01:02:45] PHP Warning:  session_start() [<a href='function.session-start'>function.session-start</a>]: Cannot send session cache limiter - headers already sent (output started at /home/content/z/a/l/zalongwatz/html/iaa/accommodation/roomRegister.php:55) in /home/content/z/a/l/zalongwatz/html/iaa/Connections/sessioncontrol.php on line 2
[21-Jan-2011 01:03:20] PHP Warning:  session_start() [<a href='function.session-start'>function.session-start</a>]: Cannot send session cache limiter - headers already sent (output started at /home/content/z/a/l/zalongwatz/html/iaa/accommodation/roomRegister.php:55) in /home/content/z/a/l/zalongwatz/html/iaa/Connections/sessioncontrol.php on line 2
[21-Jan-2011 01:03:50] PHP Warning:  session_start() [<a href='function.session-start'>function.session-start</a>]: Cannot send session cache limiter - headers already sent (output started at /home/content/z/a/l/zalongwatz/html/iaa/accommodation/roomRegister.php:55) in /home/content/z/a/l/zalongwatz/html/iaa/Connections/sessioncontrol.php on line 2
[21-Jan-2011 01:04:22] PHP Warning:  session_start() [<a href='function.session-start'>function.session-start</a>]: Cannot send session cache limiter - headers already sent (output started at /home/content/z/a/l/zalongwatz/html/iaa/accommodation/roomRegister.php:55) in /home/content/z/a/l/zalongwatz/html/iaa/Connections/sessioncontrol.php on line 2
[21-Jan-2011 01:04:57] PHP Warning:  session_start() [<a href='function.session-start'>function.session-start</a>]: Cannot send session cache limiter - headers already sent (output started at /home/content/z/a/l/zalongwatz/html/iaa/accommodation/roomRegister.php:55) in /home/content/z/a/l/zalongwatz/html/iaa/Connections/sessioncontrol.php on line 2
[21-Jan-2011 01:05:19] PHP Warning:  session_start() [<a href='function.session-start'>function.session-start</a>]: Cannot send session cache limiter - headers already sent (output started at /home/content/z/a/l/zalongwatz/html/iaa/accommodation/roomRegister.php:55) in /home/content/z/a/l/zalongwatz/html/iaa/Connections/sessioncontrol.php on line 2
[21-Jan-2011 01:05:52] PHP Warning:  session_start() [<a href='function.session-start'>function.session-start</a>]: Cannot send session cache limiter - headers already sent (output started at /home/content/z/a/l/zalongwatz/html/iaa/accommodation/roomRegister.php:55) in /home/content/z/a/l/zalongwatz/html/iaa/Connections/sessioncontrol.php on line 2
[21-Jan-2011 01:07:26] PHP Warning:  session_start() [<a href='function.session-start'>function.session-start</a>]: Cannot send session cache limiter - headers already sent (output started at /home/content/z/a/l/zalongwatz/html/iaa/accommodation/roomRegister.php:55) in /home/content/z/a/l/zalongwatz/html/iaa/Connections/sessioncontrol.php on line 2
[21-Jan-2011 01:07:53] PHP Warning:  session_start() [<a href='function.session-start'>function.session-start</a>]: Cannot send session cache limiter - headers already sent (output started at /home/content/z/a/l/zalongwatz/html/iaa/accommodation/roomRegister.php:55) in /home/content/z/a/l/zalongwatz/html/iaa/Connections/sessioncontrol.php on line 2
[21-Jan-2011 01:10:15] PHP Warning:  session_start() [<a href='function.session-start'>function.session-start</a>]: Cannot send session cache limiter - headers already sent (output started at /home/content/z/a/l/zalongwatz/html/iaa/accommodation/roomRegister.php:55) in /home/content/z/a/l/zalongwatz/html/iaa/Connections/sessioncontrol.php on line 2
[21-Jan-2011 01:10:38] PHP Warning:  session_start() [<a href='function.session-start'>function.session-start</a>]: Cannot send session cache limiter - headers already sent (output started at /home/content/z/a/l/zalongwatz/html/iaa/accommodation/roomRegister.php:55) in /home/content/z/a/l/zalongwatz/html/iaa/Connections/sessioncontrol.php on line 2
[21-Jan-2011 01:11:14] PHP Warning:  session_start() [<a href='function.session-start'>function.session-start</a>]: Cannot send session cache limiter - headers already sent (output started at /home/content/z/a/l/zalongwatz/html/iaa/accommodation/roomRegister.php:55) in /home/content/z/a/l/zalongwatz/html/iaa/Connections/sessioncontrol.php on line 2
[21-Jan-2011 01:12:26] PHP Warning:  session_start() [<a href='function.session-start'>function.session-start</a>]: Cannot send session cache limiter - headers already sent (output started at /home/content/z/a/l/zalongwatz/html/iaa/accommodation/roomRegister.php:55) in /home/content/z/a/l/zalongwatz/html/iaa/Connections/sessioncontrol.php on line 2
[21-Jan-2011 01:12:47] PHP Warning:  session_start() [<a href='function.session-start'>function.session-start</a>]: Cannot send session cache limiter - headers already sent (output started at /home/content/z/a/l/zalongwatz/html/iaa/accommodation/roomRegister.php:55) in /home/content/z/a/l/zalongwatz/html/iaa/Connections/sessioncontrol.php on line 2
[21-Jan-2011 01:13:08] PHP Warning:  session_start() [<a href='function.session-start'>function.session-start</a>]: Cannot send session cache limiter - headers already sent (output started at /home/content/z/a/l/zalongwatz/html/iaa/accommodation/roomRegister.php:55) in /home/content/z/a/l/zalongwatz/html/iaa/Connections/sessioncontrol.php on line 2
[21-Jan-2011 01:14:24] PHP Warning:  session_start() [<a href='function.session-start'>function.session-start</a>]: Cannot send session cache limiter - headers already sent (output started at /home/content/z/a/l/zalongwatz/html/iaa/accommodation/roomRegister.php:55) in /home/content/z/a/l/zalongwatz/html/iaa/Connections/sessioncontrol.php on line 2
[21-Jan-2011 01:14:50] PHP Warning:  session_start() [<a href='function.session-start'>function.session-start</a>]: Cannot send session cache limiter - headers already sent (output started at /home/content/z/a/l/zalongwatz/html/iaa/accommodation/roomRegister.php:55) in /home/content/z/a/l/zalongwatz/html/iaa/Connections/sessioncontrol.php on line 2
[21-Jan-2011 01:15:09] PHP Warning:  session_start() [<a href='function.session-start'>function.session-start</a>]: Cannot send session cache limiter - headers already sent (output started at /home/content/z/a/l/zalongwatz/html/iaa/accommodation/roomRegister.php:55) in /home/content/z/a/l/zalongwatz/html/iaa/Connections/sessioncontrol.php on line 2
[21-Jan-2011 01:15:38] PHP Warning:  session_start() [<a href='function.session-start'>function.session-start</a>]: Cannot send session cache limiter - headers already sent (output started at /home/content/z/a/l/zalongwatz/html/iaa/accommodation/roomRegister.php:55) in /home/content/z/a/l/zalongwatz/html/iaa/Connections/sessioncontrol.php on line 2
[21-Jan-2011 01:15:59] PHP Warning:  session_start() [<a href='function.session-start'>function.session-start</a>]: Cannot send session cache limiter - headers already sent (output started at /home/content/z/a/l/zalongwatz/html/iaa/accommodation/roomRegister.php:55) in /home/content/z/a/l/zalongwatz/html/iaa/Connections/sessioncontrol.php on line 2
[21-Jan-2011 01:16:29] PHP Warning:  session_start() [<a href='function.session-start'>function.session-start</a>]: Cannot send session cache limiter - headers already sent (output started at /home/content/z/a/l/zalongwatz/html/iaa/accommodation/roomRegister.php:55) in /home/content/z/a/l/zalongwatz/html/iaa/Connections/sessioncontrol.php on line 2
[21-Jan-2011 01:16:52] PHP Warning:  session_start() [<a href='function.session-start'>function.session-start</a>]: Cannot send session cache limiter - headers already sent (output started at /home/content/z/a/l/zalongwatz/html/iaa/accommodation/roomRegister.php:55) in /home/content/z/a/l/zalongwatz/html/iaa/Connections/sessioncontrol.php on line 2
[21-Jan-2011 01:17:13] PHP Warning:  session_start() [<a href='function.session-start'>function.session-start</a>]: Cannot send session cache limiter - headers already sent (output started at /home/content/z/a/l/zalongwatz/html/iaa/accommodation/roomRegister.php:55) in /home/content/z/a/l/zalongwatz/html/iaa/Connections/sessioncontrol.php on line 2
[21-Jan-2011 01:17:37] PHP Warning:  session_start() [<a href='function.session-start'>function.session-start</a>]: Cannot send session cache limiter - headers already sent (output started at /home/content/z/a/l/zalongwatz/html/iaa/accommodation/roomRegister.php:55) in /home/content/z/a/l/zalongwatz/html/iaa/Connections/sessioncontrol.php on line 2
[21-Jan-2011 01:18:38] PHP Warning:  session_start() [<a href='function.session-start'>function.session-start</a>]: Cannot send session cache limiter - headers already sent (output started at /home/content/z/a/l/zalongwatz/html/iaa/accommodation/roomRegister.php:55) in /home/content/z/a/l/zalongwatz/html/iaa/Connections/sessioncontrol.php on line 2
[21-Jan-2011 01:19:10] PHP Warning:  session_start() [<a href='function.session-start'>function.session-start</a>]: Cannot send session cache limiter - headers already sent (output started at /home/content/z/a/l/zalongwatz/html/iaa/accommodation/roomRegister.php:55) in /home/content/z/a/l/zalongwatz/html/iaa/Connections/sessioncontrol.php on line 2
[21-Jan-2011 01:19:36] PHP Warning:  session_start() [<a href='function.session-start'>function.session-start</a>]: Cannot send session cache limiter - headers already sent (output started at /home/content/z/a/l/zalongwatz/html/iaa/accommodation/roomRegister.php:55) in /home/content/z/a/l/zalongwatz/html/iaa/Connections/sessioncontrol.php on line 2
[21-Jan-2011 01:20:18] PHP Warning:  session_start() [<a href='function.session-start'>function.session-start</a>]: Cannot send session cache limiter - headers already sent (output started at /home/content/z/a/l/zalongwatz/html/iaa/accommodation/roomRegister.php:55) in /home/content/z/a/l/zalongwatz/html/iaa/Connections/sessioncontrol.php on line 2
[21-Jan-2011 01:20:45] PHP Warning:  session_start() [<a href='function.session-start'>function.session-start</a>]: Cannot send session cache limiter - headers already sent (output started at /home/content/z/a/l/zalongwatz/html/iaa/accommodation/roomRegister.php:55) in /home/content/z/a/l/zalongwatz/html/iaa/Connections/sessioncontrol.php on line 2
[21-Jan-2011 01:21:06] PHP Warning:  session_start() [<a href='function.session-start'>function.session-start</a>]: Cannot send session cache limiter - headers already sent (output started at /home/content/z/a/l/zalongwatz/html/iaa/accommodation/roomRegister.php:55) in /home/content/z/a/l/zalongwatz/html/iaa/Connections/sessioncontrol.php on line 2
[21-Jan-2011 01:23:32] PHP Warning:  session_start() [<a href='function.session-start'>function.session-start</a>]: Cannot send session cache limiter - headers already sent (output started at /home/content/z/a/l/zalongwatz/html/iaa/accommodation/roomRegister.php:55) in /home/content/z/a/l/zalongwatz/html/iaa/Connections/sessioncontrol.php on line 2
[21-Jan-2011 01:23:59] PHP Warning:  session_start() [<a href='function.session-start'>function.session-start</a>]: Cannot send session cache limiter - headers already sent (output started at /home/content/z/a/l/zalongwatz/html/iaa/accommodation/roomRegister.php:55) in /home/content/z/a/l/zalongwatz/html/iaa/Connections/sessioncontrol.php on line 2
[21-Jan-2011 01:24:27] PHP Warning:  session_start() [<a href='function.session-start'>function.session-start</a>]: Cannot send session cache limiter - headers already sent (output started at /home/content/z/a/l/zalongwatz/html/iaa/accommodation/roomRegister.php:55) in /home/content/z/a/l/zalongwatz/html/iaa/Connections/sessioncontrol.php on line 2
[21-Jan-2011 01:25:15] PHP Warning:  session_start() [<a href='function.session-start'>function.session-start</a>]: Cannot send session cache limiter - headers already sent (output started at /home/content/z/a/l/zalongwatz/html/iaa/accommodation/roomRegister.php:55) in /home/content/z/a/l/zalongwatz/html/iaa/Connections/sessioncontrol.php on line 2
[21-Jan-2011 01:25:39] PHP Warning:  session_start() [<a href='function.session-start'>function.session-start</a>]: Cannot send session cache limiter - headers already sent (output started at /home/content/z/a/l/zalongwatz/html/iaa/accommodation/roomRegister.php:55) in /home/content/z/a/l/zalongwatz/html/iaa/Connections/sessioncontrol.php on line 2
[21-Jan-2011 01:25:59] PHP Warning:  session_start() [<a href='function.session-start'>function.session-start</a>]: Cannot send session cache limiter - headers already sent (output started at /home/content/z/a/l/zalongwatz/html/iaa/accommodation/roomRegister.php:55) in /home/content/z/a/l/zalongwatz/html/iaa/Connections/sessioncontrol.php on line 2
[21-Jan-2011 01:26:26] PHP Warning:  session_start() [<a href='function.session-start'>function.session-start</a>]: Cannot send session cache limiter - headers already sent (output started at /home/content/z/a/l/zalongwatz/html/iaa/accommodation/roomRegister.php:55) in /home/content/z/a/l/zalongwatz/html/iaa/Connections/sessioncontrol.php on line 2
[21-Jan-2011 01:26:51] PHP Warning:  session_start() [<a href='function.session-start'>function.session-start</a>]: Cannot send session cache limiter - headers already sent (output started at /home/content/z/a/l/zalongwatz/html/iaa/accommodation/roomRegister.php:55) in /home/content/z/a/l/zalongwatz/html/iaa/Connections/sessioncontrol.php on line 2
[21-Jan-2011 01:27:13] PHP Warning:  session_start() [<a href='function.session-start'>function.session-start</a>]: Cannot send session cache limiter - headers already sent (output started at /home/content/z/a/l/zalongwatz/html/iaa/accommodation/roomRegister.php:55) in /home/content/z/a/l/zalongwatz/html/iaa/Connections/sessioncontrol.php on line 2
[21-Jan-2011 01:28:08] PHP Warning:  session_start() [<a href='function.session-start'>function.session-start</a>]: Cannot send session cache limiter - headers already sent (output started at /home/content/z/a/l/zalongwatz/html/iaa/accommodation/roomRegister.php:55) in /home/content/z/a/l/zalongwatz/html/iaa/Connections/sessioncontrol.php on line 2
[21-Jan-2011 01:28:31] PHP Warning:  session_start() [<a href='function.session-start'>function.session-start</a>]: Cannot send session cache limiter - headers already sent (output started at /home/content/z/a/l/zalongwatz/html/iaa/accommodation/roomRegister.php:55) in /home/content/z/a/l/zalongwatz/html/iaa/Connections/sessioncontrol.php on line 2
[21-Jan-2011 01:28:54] PHP Warning:  session_start() [<a href='function.session-start'>function.session-start</a>]: Cannot send session cache limiter - headers already sent (output started at /home/content/z/a/l/zalongwatz/html/iaa/accommodation/roomRegister.php:55) in /home/content/z/a/l/zalongwatz/html/iaa/Connections/sessioncontrol.php on line 2
[21-Jan-2011 01:32:51] PHP Warning:  session_start() [<a href='function.session-start'>function.session-start</a>]: Cannot send session cache limiter - headers already sent (output started at /home/content/z/a/l/zalongwatz/html/iaa/accommodation/roomRegister.php:55) in /home/content/z/a/l/zalongwatz/html/iaa/Connections/sessioncontrol.php on line 2
[21-Jan-2011 01:33:21] PHP Warning:  session_start() [<a href='function.session-start'>function.session-start</a>]: Cannot send session cache limiter - headers already sent (output started at /home/content/z/a/l/zalongwatz/html/iaa/accommodation/roomRegister.php:55) in /home/content/z/a/l/zalongwatz/html/iaa/Connections/sessioncontrol.php on line 2
[21-Jan-2011 01:33:42] PHP Warning:  session_start() [<a href='function.session-start'>function.session-start</a>]: Cannot send session cache limiter - headers already sent (output started at /home/content/z/a/l/zalongwatz/html/iaa/accommodation/roomRegister.php:55) in /home/content/z/a/l/zalongwatz/html/iaa/Connections/sessioncontrol.php on line 2
[21-Jan-2011 01:34:50] PHP Warning:  session_start() [<a href='function.session-start'>function.session-start</a>]: Cannot send session cache limiter - headers already sent (output started at /home/content/z/a/l/zalongwatz/html/iaa/accommodation/roomRegister.php:55) in /home/content/z/a/l/zalongwatz/html/iaa/Connections/sessioncontrol.php on line 2
[21-Jan-2011 01:35:21] PHP Warning:  session_start() [<a href='function.session-start'>function.session-start</a>]: Cannot send session cache limiter - headers already sent (output started at /home/content/z/a/l/zalongwatz/html/iaa/accommodation/roomRegister.php:55) in /home/content/z/a/l/zalongwatz/html/iaa/Connections/sessioncontrol.php on line 2
[21-Jan-2011 01:35:36] PHP Warning:  session_start() [<a href='function.session-start'>function.session-start</a>]: Cannot send session cache limiter - headers already sent (output started at /home/content/z/a/l/zalongwatz/html/iaa/accommodation/roomRegister.php:55) in /home/content/z/a/l/zalongwatz/html/iaa/Connections/sessioncontrol.php on line 2
[21-Jan-2011 01:36:09] PHP Warning:  session_start() [<a href='function.session-start'>function.session-start</a>]: Cannot send session cache limiter - headers already sent (output started at /home/content/z/a/l/zalongwatz/html/iaa/accommodation/roomRegister.php:55) in /home/content/z/a/l/zalongwatz/html/iaa/Connections/sessioncontrol.php on line 2
[21-Jan-2011 01:36:50] PHP Warning:  session_start() [<a href='function.session-start'>function.session-start</a>]: Cannot send session cache limiter - headers already sent (output started at /home/content/z/a/l/zalongwatz/html/iaa/accommodation/roomRegister.php:55) in /home/content/z/a/l/zalongwatz/html/iaa/Connections/sessioncontrol.php on line 2
[21-Jan-2011 01:38:09] PHP Warning:  session_start() [<a href='function.session-start'>function.session-start</a>]: Cannot send session cache limiter - headers already sent (output started at /home/content/z/a/l/zalongwatz/html/iaa/accommodation/roomRegister.php:55) in /home/content/z/a/l/zalongwatz/html/iaa/Connections/sessioncontrol.php on line 2
[21-Jan-2011 01:40:21] PHP Warning:  session_start() [<a href='function.session-start'>function.session-start</a>]: Cannot send session cache limiter - headers already sent (output started at /home/content/z/a/l/zalongwatz/html/iaa/accommodation/roomRegister.php:55) in /home/content/z/a/l/zalongwatz/html/iaa/Connections/sessioncontrol.php on line 2
[21-Jan-2011 01:41:24] PHP Warning:  session_start() [<a href='function.session-start'>function.session-start</a>]: Cannot send session cache limiter - headers already sent (output started at /home/content/z/a/l/zalongwatz/html/iaa/accommodation/roomRegister.php:55) in /home/content/z/a/l/zalongwatz/html/iaa/Connections/sessioncontrol.php on line 2
[21-Jan-2011 01:41:48] PHP Warning:  session_start() [<a href='function.session-start'>function.session-start</a>]: Cannot send session cache limiter - headers already sent (output started at /home/content/z/a/l/zalongwatz/html/iaa/accommodation/roomRegister.php:55) in /home/content/z/a/l/zalongwatz/html/iaa/Connections/sessioncontrol.php on line 2
[21-Jan-2011 01:42:43] PHP Warning:  session_start() [<a href='function.session-start'>function.session-start</a>]: Cannot send session cache limiter - headers already sent (output started at /home/content/z/a/l/zalongwatz/html/iaa/accommodation/roomRegister.php:55) in /home/content/z/a/l/zalongwatz/html/iaa/Connections/sessioncontrol.php on line 2
[21-Jan-2011 01:43:18] PHP Warning:  session_start() [<a href='function.session-start'>function.session-start</a>]: Cannot send session cache limiter - headers already sent (output started at /home/content/z/a/l/zalongwatz/html/iaa/accommodation/roomRegister.php:55) in /home/content/z/a/l/zalongwatz/html/iaa/Connections/sessioncontrol.php on line 2
[21-Jan-2011 01:44:11] PHP Warning:  session_start() [<a href='function.session-start'>function.session-start</a>]: Cannot send session cache limiter - headers already sent (output started at /home/content/z/a/l/zalongwatz/html/iaa/accommodation/roomRegister.php:55) in /home/content/z/a/l/zalongwatz/html/iaa/Connections/sessioncontrol.php on line 2
[21-Jan-2011 01:49:49] PHP Warning:  session_start() [<a href='function.session-start'>function.session-start</a>]: Cannot send session cache limiter - headers already sent (output started at /home/content/z/a/l/zalongwatz/html/iaa/accommodation/roomRegister.php:55) in /home/content/z/a/l/zalongwatz/html/iaa/Connections/sessioncontrol.php on line 2
[21-Jan-2011 01:50:12] PHP Warning:  session_start() [<a href='function.session-start'>function.session-start</a>]: Cannot send session cache limiter - headers already sent (output started at /home/content/z/a/l/zalongwatz/html/iaa/accommodation/roomRegister.php:55) in /home/content/z/a/l/zalongwatz/html/iaa/Connections/sessioncontrol.php on line 2
[21-Jan-2011 01:50:34] PHP Warning:  session_start() [<a href='function.session-start'>function.session-start</a>]: Cannot send session cache limiter - headers already sent (output started at /home/content/z/a/l/zalongwatz/html/iaa/accommodation/roomRegister.php:55) in /home/content/z/a/l/zalongwatz/html/iaa/Connections/sessioncontrol.php on line 2
